10:16:33.943 [main] INFO  ROOT - Sandbox verbosity changed to INFO 
10:16:36.291 [sandbox-akka.actor.default-dispatcher-2] INFO  c.d.l.s.a.ApiServices$:participant/sandbox-participant - DAML LF Engine supports LF versions: 0, 0.dev, 1.0, 1.1, 1.2, 1.3, 1.4, 1.5, 1.6, 1.7, 1.dev; Transaction versions: 1, 2, 3, 4, 5, 6, 7, 8; Value versions: 1, 2, 3, 4, 5, 6 
10:16:36.436 [sandbox-akka.actor.default-dispatcher-2] INFO  c.d.l.s.a.LedgerApiServer:participant/sandbox-participant - Starting plainText server 
10:16:36.775 [sandbox-akka.actor.default-dispatcher-2] INFO  c.d.l.s.a.LedgerApiServer:participant/sandbox-participant - listening on localhost:6865 
10:16:36.783 [main] INFO  c.d.platform.sandbox.SandboxServer$ - Initialized sandbox version 100.13.34 with ledger-id = sandbox-f4234827-6103-44a2-8f60-73d03991bfb1, port = 6865, dar file = List(.daml/dist/quickstart-0.0.1.dar), time mode = Static, ledger = in-memory, auth-service = AuthServiceWildcard$ 
11:58:52.868 [Thread-1] INFO  c.d.p.s.s.c.ApiCommandService:participant/sandbox-participant - Shutting down Command Service 
11:58:52.870 [Thread-1] INFO  c.d.p.s.s.c.TrackerMap:participant/sandbox-participant - Shutting down 0 trackers 
14:01:23.212 [main] INFO  ROOT - Sandbox verbosity changed to INFO 
14:01:25.670 [sandbox-akka.actor.default-dispatcher-2] INFO  c.d.l.s.a.ApiServices$:participant/sandbox-participant - DAML LF Engine supports LF versions: 0, 0.dev, 1.0, 1.1, 1.2, 1.3, 1.4, 1.5, 1.6, 1.7, 1.dev; Transaction versions: 1, 2, 3, 4, 5, 6, 7, 8; Value versions: 1, 2, 3, 4, 5, 6 
14:01:25.848 [sandbox-akka.actor.default-dispatcher-2] INFO  c.d.l.s.a.LedgerApiServer:participant/sandbox-participant - Starting plainText server 
14:01:26.302 [sandbox-akka.actor.default-dispatcher-2] INFO  c.d.l.s.a.LedgerApiServer:participant/sandbox-participant - listening on localhost:7600 
14:01:26.310 [main] INFO  c.d.platform.sandbox.SandboxServer$ - Initialized sandbox version 100.13.34 with ledger-id = sandbox-ec31d06f-81fc-4133-a023-725ca66f343e, port = 7600, dar file = List(.daml/dist/quickstart-0.0.1.dar), time mode = Static, ledger = in-memory, auth-service = AuthServiceWildcard$ 
15:03:58.201 [sandbox-akka.actor.default-dispatcher-14] WARN  c.d.p.s.s.ApiSubmissionService:participant/sandbox-participant - Submission of command 709c36988150d152 has failed. 
com.digitalasset.platform.server.api.ApiException: INVALID_ARGUMENT: Command interpretation error in LF-DAMLe: dependency error: couldn't find contract AbsoluteContractId(#2:1). Details: N/A.
15:04:11.476 [sandbox-akka.actor.default-dispatcher-14] WARN  c.d.p.s.s.ApiSubmissionService:participant/sandbox-participant - Submission of command 4e64244ddd460b0b has failed. 
com.digitalasset.platform.server.api.ApiException: INVALID_ARGUMENT: Command interpretation error in LF-DAMLe: dependency error: couldn't find contract AbsoluteContractId(#2:1). Details: N/A.
15:34:12.902 [Thread-1] INFO  c.d.p.s.s.c.ApiCommandService:participant/sandbox-participant - Shutting down Command Service 
15:34:12.902 [Thread-1] INFO  c.d.p.s.s.c.TrackerMap:participant/sandbox-participant - Shutting down 0 trackers 
15:34:18.203 [main] INFO  ROOT - Sandbox verbosity changed to INFO 
15:34:20.949 [sandbox-akka.actor.default-dispatcher-5] INFO  c.d.l.s.a.ApiServices$:participant/sandbox-participant - DAML LF Engine supports LF versions: 0, 0.dev, 1.0, 1.1, 1.2, 1.3, 1.4, 1.5, 1.6, 1.7, 1.dev; Transaction versions: 1, 2, 3, 4, 5, 6, 7, 8; Value versions: 1, 2, 3, 4, 5, 6 
15:34:21.131 [sandbox-akka.actor.default-dispatcher-5] INFO  c.d.l.s.a.LedgerApiServer:participant/sandbox-participant - Starting plainText server 
15:34:21.588 [sandbox-akka.actor.default-dispatcher-5] INFO  c.d.l.s.a.LedgerApiServer:participant/sandbox-participant - listening on localhost:7600 
15:34:21.596 [main] INFO  c.d.platform.sandbox.SandboxServer$ - Initialized sandbox version 100.13.34 with ledger-id = sandbox-a9fad37f-bc92-433a-a6e4-5ee6d59eb5ac, port = 7600, dar file = List(.daml/dist/quickstart-0.0.1.dar), time mode = Static, ledger = in-memory, auth-service = AuthServiceWildcard$ 
15:51:54.998 [sandbox-akka.actor.default-dispatcher-2] WARN  c.d.p.s.s.ApiSubmissionService:participant/sandbox-participant - Submission of command 3e1e548bc6bf19fc has failed. 
com.digitalasset.platform.server.api.ApiException: INVALID_ARGUMENT: Command interpretation error in LF-DAMLe: dependency error: couldn't find contract AbsoluteContractId(#2:1). Details: N/A.
16:00:58.058 [sandbox-akka.actor.default-dispatcher-11] WARN  c.d.p.s.s.ApiSubmissionService:participant/sandbox-participant - Submission of command d4d7c2cf16ae99b1 has failed. 
com.digitalasset.platform.server.api.ApiException: INVALID_ARGUMENT: Command interpretation error in LF-DAMLe: dependency error: couldn't find contract AbsoluteContractId(#4:2). Details: N/A.
11:26:19.748 [Thread-1] INFO  c.d.p.s.s.c.ApiCommandService:participant/sandbox-participant - Shutting down Command Service 
11:26:19.749 [Thread-1] INFO  c.d.p.s.s.c.TrackerMap:participant/sandbox-participant - Shutting down 0 trackers 
11:28:35.353 [main] INFO  ROOT - Sandbox verbosity changed to INFO 
11:28:38.014 [sandbox-akka.actor.default-dispatcher-5] INFO  c.d.l.s.a.ApiServices$:participant/sandbox-participant - DAML LF Engine supports LF versions: 0, 0.dev, 1.0, 1.1, 1.2, 1.3, 1.4, 1.5, 1.6, 1.7, 1.dev; Transaction versions: 1, 2, 3, 4, 5, 6, 7, 8; Value versions: 1, 2, 3, 4, 5, 6 
11:28:38.224 [sandbox-akka.actor.default-dispatcher-5] INFO  c.d.l.s.a.LedgerApiServer:participant/sandbox-participant - Starting plainText server 
11:28:38.484 [sandbox-akka.actor.default-dispatcher-5] INFO  c.d.l.s.a.LedgerApiServer:participant/sandbox-participant - listening on localhost:7600 
11:28:38.492 [main] INFO  c.d.platform.sandbox.SandboxServer$ - Initialized sandbox version 100.13.34 with ledger-id = sandbox-ec882bf5-2cf2-4d9a-aec2-6faab3ad6a21, port = 7600, dar file = List(.daml/dist/quickstart-0.0.1.dar), time mode = Static, ledger = in-memory, auth-service = AuthServiceWildcard$ 
13:02:01.442 [sandbox-akka.actor.default-dispatcher-27] WARN  c.d.p.s.s.ApiSubmissionService:participant/sandbox-participant - Submission of command 4976407f-2bb6-4865-af84-412711bf654f has failed. 
com.digitalasset.platform.server.api.ApiException: INVALID_ARGUMENT: Command interpretation error in LF-DAMLe: Could not find module iou for name iou:iou. Details: N/A.
13:04:36.985 [sandbox-akka.actor.default-dispatcher-13] WARN  c.d.p.s.s.ApiSubmissionService:participant/sandbox-participant - Submission of command 13ff7a6a-2e87-4798-aa41-9435b88d1f3f has failed. 
com.digitalasset.platform.server.api.ApiException: INVALID_ARGUMENT: Command interpretation error in LF-DAMLe: Could not find module iou for name iou:iou. Details: N/A.
13:08:06.856 [sandbox-akka.actor.default-dispatcher-28] WARN  c.d.p.s.s.ApiSubmissionService:participant/sandbox-participant - Submission of command 06ca0b34-c9fc-420e-a98d-4e6cdfb47161 has failed. 
com.digitalasset.platform.server.api.ApiException: INVALID_ARGUMENT: Command interpretation error in LF-DAMLe: Could not find module iou for name iou:iou. Details: N/A.
13:10:37.368 [sandbox-akka.actor.default-dispatcher-10] WARN  c.d.p.s.s.ApiSubmissionService:participant/sandbox-participant - Submission of command cbaae2dc-f47a-4c55-8058-cbfeb48f859e has failed. 
com.digitalasset.platform.server.api.ApiException: INVALID_ARGUMENT: Command interpretation error in LF-DAMLe: Could not find module iou for name iou:iou. Details: N/A.
13:13:04.047 [sandbox-akka.actor.default-dispatcher-5] WARN  c.d.p.s.s.ApiSubmissionService:participant/sandbox-participant - Submission of command 5c072275-5972-487b-b118-14377b63ede2 has failed. 
com.digitalasset.platform.server.api.ApiException: INVALID_ARGUMENT: Command interpretation error in LF-DAMLe: Could not find module iou for name iou:iou. Details: N/A.
13:14:46.080 [sandbox-akka.actor.default-dispatcher-9] WARN  c.d.p.s.s.ApiSubmissionService:participant/sandbox-participant - Submission of command e4218210-20db-45d0-8e61-6dd57f94a1c7 has failed. 
com.digitalasset.platform.server.api.ApiException: INVALID_ARGUMENT: Command interpretation error in LF-DAMLe: Could not find module iou for name iou:iou. Details: N/A.
13:18:18.435 [sandbox-akka.actor.default-dispatcher-36] WARN  c.d.p.s.s.ApiSubmissionService:participant/sandbox-participant - Submission of command 236cbb5f-caa9-4fa9-9ea9-88b5168448c6 has failed. 
com.digitalasset.platform.server.api.ApiException: INVALID_ARGUMENT: Command interpretation error in LF-DAMLe: Could not find module iou for name iou:iou. Details: N/A.
